{
  "_type" : {
    "_name" : "ActivityLogSection"
  },
  "domainType" : {
    "_type" : {
      "_name" : "String"
    },
    "_value" : "com.apple.dt.unit.cocoaUnitTest"
  },
  "duration" : {
    "_type" : {
      "_name" : "Double"
    },
    "_value" : "62.066799998283386"
  },
  "result" : {
    "_type" : {
      "_name" : "String"
    },
    "_value" : "succeeded"
  },
  "startTime" : {
    "_type" : {
      "_name" : "Date"
    },
    "_value" : "2020-04-18T16:57:37.629+0100"
  },
  "subsections" : {
    "_type" : {
      "_name" : "Array"
    },
    "_values" : [
      {
        "_type" : {
          "_name" : "ActivityLogMajorSection",
          "_supertype" : {
            "_name" : "ActivityLogSection"
          }
        },
        "domainType" : {
          "_type" : {
            "_name" : "String"
          },
          "_value" : "com.apple.dt.unit.cocoaUnitTest"
        },
        "duration" : {
          "_type" : {
            "_name" : "Double"
          },
          "_value" : "3.542694926261902"
        },
        "result" : {
          "_type" : {
            "_name" : "String"
          },
          "_value" : "succeeded"
        },
        "startTime" : {
          "_type" : {
            "_name" : "Date"
          },
          "_value" : "2020-04-18T16:57:51.709+0100"
        },
        "subsections" : {
          "_type" : {
            "_name" : "Array"
          },
          "_values" : [
            {
              "_type" : {
                "_name" : "ActivityLogUnitTestSection",
                "_supertype" : {
                  "_name" : "ActivityLogSection"
                }
              },
              "domainType" : {
                "_type" : {
                  "_name" : "String"
                },
                "_value" : "com.apple.dt.IDE.UnitTestLogSection.Worker"
              },
              "duration" : {
                "_type" : {
                  "_name" : "Double"
                },
                "_value" : "0.3237370252609253"
              },
              "emittedOutput" : {
                "_type" : {
                  "_name" : "String"
                },
                "_value" : "2020-04-18 16:57:54.208726+0100 test[72573:500346] Launching with XCTest injected. Preparing to run tests.\n2020-04-18 16:57:54.235055+0100 test[72573:500346] Waiting to run tests until the app finishes launching.\nTest Suite 'All tests' started at 2020-04-18 16:57:54.653\nTest Suite 'testTests.xctest' started at 2020-04-18 16:57:54.654\nTest Suite 'testTests' started at 2020-04-18 16:57:54.654\nTest Case '-[testTests.testTests testExample]' started.\nTest Case '-[testTests.testTests testExample]' passed (0.001 seconds).\nTest Case '-[testTests.testTests testPerformanceExample]' started.\n\/Users\/johann.martinache\/Desktop\/tmp\/toto\/test\/testTests\/testTests.swift:33: Test Case '-[testTests.testTests testPerformanceExample]' measured [Time, seconds] average: 0.000, relative standard deviation: 90.321%, values: [0.000038, 0.000010, 0.000008, 0.000007, 0.000007, 0.000007, 0.000007, 0.000006, 0.000006, 0.000007], performanceMetricID:com.apple.XCTPerformanceMetric_WallClockTime, baselineName: \"\", baselineAverage: , maxPercentRegression: 10.000%, maxPercentRelativeStandardDeviation: 10.000%, maxRegression: 0.100, maxStandardDeviation: 0.100\nTest Case '-[testTests.testTests testPerformanceExample]' passed (0.319 seconds).\nTest Case '-[testTests.testTests testScoreIsComputedWhenGuessLTTarget]' started.\n\/Users\/johann.martinache\/Desktop\/tmp\/toto\/test\/testTests\/testTests.swift:23: error: -[testTests.testTests testScoreIsComputedWhenGuessLTTarget] : XCTAssertEqual failed: (\"100\") is not equal to (\"101\") - fake test\nTest Case '-[testTests.testTests testScoreIsComputedWhenGuessLTTarget]' failed (0.004 seconds).\nTest Suite 'testTests' failed at 2020-04-18 16:57:54.980.\n\t Executed 3 tests, with 1 failure (0 unexpected) in 0.324 (0.325) seconds\nTest Suite 'testTests.xctest' failed at 2020-04-18 16:57:54.980.\n\t Executed 3 tests, with 1 failure (0 unexpected) in 0.324 (0.326) seconds\nTest Suite 'All tests' failed at 2020-04-18 16:57:54.981.\n\t Executed 3 tests, with 1 failure (0 unexpected) in 0.324 (0.328) seconds\n"
              },
              "result" : {
                "_type" : {
                  "_name" : "String"
                },
                "_value" : "succeeded"
              },
              "runnablePath" : {
                "_type" : {
                  "_name" : "String"
                },
                "_value" : "\/Users\/johann.martinache\/Library\/Developer\/Xcode\/DerivedData\/test-hfwrnowsddtobwbwrcovcvtcotya\/Build\/Products\/Debug-iphonesimulator\/test.app"
              },
              "runnableUTI" : {
                "_type" : {
                  "_name" : "String"
                },
                "_value" : "com.apple.application-bundle"
              },
              "startTime" : {
                "_type" : {
                  "_name" : "Date"
                },
                "_value" : "2020-04-18T16:57:51.710+0100"
              },
              "subsections" : {
                "_type" : {
                  "_name" : "Array"
                },
                "_values" : [
                  {
                    "_type" : {
                      "_name" : "ActivityLogCommandInvocationSection",
                      "_supertype" : {
                        "_name" : "ActivityLogSection"
                      }
                    },
                    "commandDetails" : {
                      "_type" : {
                        "_name" : "String"
                      },
                      "_value" : "\/var\/folders\/m1\/s05mrl8s4fbfw8zf4hw04tjwh740pl\/T\/dothething54c2a01d51ced58d5c5d80a0075161b3.xcresult\/Staging\/1_Test\/Diagnostics\/testTests-2D9D3376-AC8A-4EE4-A46B-9CEBE4BF290E\/testTests-8141D4CB-9CAE-4F7D-95C1-CB6A14E2BEF2\/Session-testTests-2020-04-18_165737-zJlYR0.log"
                    },
                    "domainType" : {
                      "_type" : {
                        "_name" : "String"
                      },
                      "_value" : "com.apple.dt.IDE.UnitTestLogSection"
                    },
                    "duration" : {
                      "_type" : {
                        "_name" : "Double"
                      },
                      "_value" : "0.0003590583801269531"
                    },
                    "messages" : {
                      "_type" : {
                        "_name" : "Array"
                      },
                      "_values" : [
                        {
                          "_type" : {
                            "_name" : "ActivityLogMessage"
                          },
                          "location" : {
                            "_type" : {
                              "_name" : "DocumentLocation"
                            },
                            "concreteTypeName" : {
                              "_type" : {
                                "_name" : "String"
                              },
                              "_value" : "DVTTextDocumentLocation"
                            },
                            "url" : {
                              "_type" : {
                                "_name" : "String"
                              },
                              "_value" : "file:\/\/\/var\/folders\/m1\/s05mrl8s4fbfw8zf4hw04tjwh740pl\/T\/dothething54c2a01d51ced58d5c5d80a0075161b3.xcresult\/Staging\/1_Test\/Diagnostics\/testTests-2D9D3376-AC8A-4EE4-A46B-9CEBE4BF290E\/testTests-8141D4CB-9CAE-4F7D-95C1-CB6A14E2BEF2\/Session-testTests-2020-04-18_165737-zJlYR0.log#CharacterRangeLen=0"
                            }
                          },
                          "shortTitle" : {
                            "_type" : {
                              "_name" : "String"
                            },
                            "_value" : "\/var\/folders\/m1\/s05mrl8s4fbfw8zf4hw04tjwh740pl\/T\/dothething54c2a01d51ced58d5c5d80a0075161b3.xcresult\/Staging\/1_Test\/Diagnostics\/testTests-2D9D3376-AC8A-4EE4-A46B-9CEBE4BF290E\/testTests-8141D4CB-9CAE-4F7D-95C1-CB6A14E2BEF2\/Session-testTests-2020-04-18_165737-zJlYR0.log"
                          },
                          "title" : {
                            "_type" : {
                              "_name" : "String"
                            },
                            "_value" : "\/var\/folders\/m1\/s05mrl8s4fbfw8zf4hw04tjwh740pl\/T\/dothething54c2a01d51ced58d5c5d80a0075161b3.xcresult\/Staging\/1_Test\/Diagnostics\/testTests-2D9D3376-AC8A-4EE4-A46B-9CEBE4BF290E\/testTests-8141D4CB-9CAE-4F7D-95C1-CB6A14E2BEF2\/Session-testTests-2020-04-18_165737-zJlYR0.log"
                          },
                          "type" : {
                            "_type" : {
                              "_name" : "String"
                            },
                            "_value" : "notice"
                          }
                        }
                      ]
                    },
                    "result" : {
                      "_type" : {
                        "_name" : "String"
                      },
                      "_value" : "succeeded"
                    },
                    "startTime" : {
                      "_type" : {
                        "_name" : "Date"
                      },
                      "_value" : "2020-04-18T16:57:51.710+0100"
                    },
                    "title" : {
                      "_type" : {
                        "_name" : "String"
                      },
                      "_value" : "Writing diagnostic log for test session. Please attach this log to any test-related bug reports."
                    }
                  },
                  {
                    "_type" : {
                      "_name" : "ActivityLogUnitTestSection",
                      "_supertype" : {
                        "_name" : "ActivityLogSection"
                      }
                    },
                    "domainType" : {
                      "_type" : {
                        "_name" : "String"
                      },
                      "_value" : "com.apple.dt.IDE.UnitTestLogSection"
                    },
                    "duration" : {
                      "_type" : {
                        "_name" : "Double"
                      },
                      "_value" : "0.3237370252609253"
                    },
                    "emittedOutput" : {
                      "_type" : {
                        "_name" : "String"
                      },
                      "_value" : "2020-04-18 16:57:54.208726+0100 test[72573:500346] Launching with XCTest injected. Preparing to run tests.\n2020-04-18 16:57:54.235055+0100 test[72573:500346] Waiting to run tests until the app finishes launching.\nTest Suite 'All tests' started at 2020-04-18 16:57:54.653\nTest Suite 'testTests.xctest' started at 2020-04-18 16:57:54.654\nTest Suite 'testTests' started at 2020-04-18 16:57:54.654\nTest Case '-[testTests.testTests testExample]' started.\nTest Case '-[testTests.testTests testExample]' passed (0.001 seconds).\nTest Case '-[testTests.testTests testPerformanceExample]' started.\n\/Users\/johann.martinache\/Desktop\/tmp\/toto\/test\/testTests\/testTests.swift:33: Test Case '-[testTests.testTests testPerformanceExample]' measured [Time, seconds] average: 0.000, relative standard deviation: 90.321%, values: [0.000038, 0.000010, 0.000008, 0.000007, 0.000007, 0.000007, 0.000007, 0.000006, 0.000006, 0.000007], performanceMetricID:com.apple.XCTPerformanceMetric_WallClockTime, baselineName: \"\", baselineAverage: , maxPercentRegression: 10.000%, maxPercentRelativeStandardDeviation: 10.000%, maxRegression: 0.100, maxStandardDeviation: 0.100\nTest Case '-[testTests.testTests testPerformanceExample]' passed (0.319 seconds).\nTest Case '-[testTests.testTests testScoreIsComputedWhenGuessLTTarget]' started.\n\/Users\/johann.martinache\/Desktop\/tmp\/toto\/test\/testTests\/testTests.swift:23: error: -[testTests.testTests testScoreIsComputedWhenGuessLTTarget] : XCTAssertEqual failed: (\"100\") is not equal to (\"101\") - fake test\nTest Case '-[testTests.testTests testScoreIsComputedWhenGuessLTTarget]' failed (0.004 seconds).\nTest Suite 'testTests' failed at 2020-04-18 16:57:54.980.\n\t Executed 3 tests, with 1 failure (0 unexpected) in 0.324 (0.325) seconds\nTest Suite 'testTests.xctest' failed at 2020-04-18 16:57:54.980.\n\t Executed 3 tests, with 1 failure (0 unexpected) in 0.324 (0.326) seconds\nTest Suite 'All tests' failed at 2020-04-18 16:57:54.981.\n\t Executed 3 tests, with 1 failure (0 unexpected) in 0.324 (0.328) seconds\n"
                    },
                    "result" : {
                      "_type" : {
                        "_name" : "String"
                      },
                      "_value" : "succeeded"
                    },
                    "startTime" : {
                      "_type" : {
                        "_name" : "Date"
                      },
                      "_value" : "2020-04-18T16:57:54.658+0100"
                    },
                    "subsections" : {
                      "_type" : {
                        "_name" : "Array"
                      },
                      "_values" : [
                        {
                          "_type" : {
                            "_name" : "ActivityLogUnitTestSection",
                            "_supertype" : {
                              "_name" : "ActivityLogSection"
                            }
                          },
                          "domainType" : {
                            "_type" : {
                              "_name" : "String"
                            },
                            "_value" : "com.apple.dt.IDE.UnitTestLogSection"
                          },
                          "duration" : {
                            "_type" : {
                              "_name" : "Double"
                            },
                            "_value" : "0.3237370252609253"
                          },
                          "emittedOutput" : {
                            "_type" : {
                              "_name" : "String"
                            },
                            "_value" : "Test Suite 'testTests.xctest' started at 2020-04-18 16:57:54.654\nTest Suite 'testTests' started at 2020-04-18 16:57:54.654\nTest Case '-[testTests.testTests testExample]' started.\nTest Case '-[testTests.testTests testExample]' passed (0.001 seconds).\nTest Case '-[testTests.testTests testPerformanceExample]' started.\n\/Users\/johann.martinache\/Desktop\/tmp\/toto\/test\/testTests\/testTests.swift:33: Test Case '-[testTests.testTests testPerformanceExample]' measured [Time, seconds] average: 0.000, relative standard deviation: 90.321%, values: [0.000038, 0.000010, 0.000008, 0.000007, 0.000007, 0.000007, 0.000007, 0.000006, 0.000006, 0.000007], performanceMetricID:com.apple.XCTPerformanceMetric_WallClockTime, baselineName: \"\", baselineAverage: , maxPercentRegression: 10.000%, maxPercentRelativeStandardDeviation: 10.000%, maxRegression: 0.100, maxStandardDeviation: 0.100\nTest Case '-[testTests.testTests testPerformanceExample]' passed (0.319 seconds).\nTest Case '-[testTests.testTests testScoreIsComputedWhenGuessLTTarget]' started.\n\/Users\/johann.martinache\/Desktop\/tmp\/toto\/test\/testTests\/testTests.swift:23: error: -[testTests.testTests testScoreIsComputedWhenGuessLTTarget] : XCTAssertEqual failed: (\"100\") is not equal to (\"101\") - fake test\nTest Case '-[testTests.testTests testScoreIsComputedWhenGuessLTTarget]' failed (0.004 seconds).\nTest Suite 'testTests' failed at 2020-04-18 16:57:54.980.\n\t Executed 3 tests, with 1 failure (0 unexpected) in 0.324 (0.325) seconds\nTest Suite 'testTests.xctest' failed at 2020-04-18 16:57:54.980.\n\t Executed 3 tests, with 1 failure (0 unexpected) in 0.324 (0.326) seconds\n"
                          },
                          "result" : {
                            "_type" : {
                              "_name" : "String"
                            },
                            "_value" : "succeeded"
                          },
                          "startTime" : {
                            "_type" : {
                              "_name" : "Date"
                            },
                            "_value" : "2020-04-18T16:57:54.658+0100"
                          },
                          "subsections" : {
                            "_type" : {
                              "_name" : "Array"
                            },
                            "_values" : [
                              {
                                "_type" : {
                                  "_name" : "ActivityLogUnitTestSection",
                                  "_supertype" : {
                                    "_name" : "ActivityLogSection"
                                  }
                                },
                                "domainType" : {
                                  "_type" : {
                                    "_name" : "String"
                                  },
                                  "_value" : "com.apple.dt.IDE.UnitTestLogSection"
                                },
                                "duration" : {
                                  "_type" : {
                                    "_name" : "Double"
                                  },
                                  "_value" : "0.3237370252609253"
                                },
                                "emittedOutput" : {
                                  "_type" : {
                                    "_name" : "String"
                                  },
                                  "_value" : "Test Suite 'testTests' started at 2020-04-18 16:57:54.654\nTest Case '-[testTests.testTests testExample]' started.\nTest Case '-[testTests.testTests testExample]' passed (0.001 seconds).\nTest Case '-[testTests.testTests testPerformanceExample]' started.\n\/Users\/johann.martinache\/Desktop\/tmp\/toto\/test\/testTests\/testTests.swift:33: Test Case '-[testTests.testTests testPerformanceExample]' measured [Time, seconds] average: 0.000, relative standard deviation: 90.321%, values: [0.000038, 0.000010, 0.000008, 0.000007, 0.000007, 0.000007, 0.000007, 0.000006, 0.000006, 0.000007], performanceMetricID:com.apple.XCTPerformanceMetric_WallClockTime, baselineName: \"\", baselineAverage: , maxPercentRegression: 10.000%, maxPercentRelativeStandardDeviation: 10.000%, maxRegression: 0.100, maxStandardDeviation: 0.100\nTest Case '-[testTests.testTests testPerformanceExample]' passed (0.319 seconds).\nTest Case '-[testTests.testTests testScoreIsComputedWhenGuessLTTarget]' started.\n\/Users\/johann.martinache\/Desktop\/tmp\/toto\/test\/testTests\/testTests.swift:23: error: -[testTests.testTests testScoreIsComputedWhenGuessLTTarget] : XCTAssertEqual failed: (\"100\") is not equal to (\"101\") - fake test\nTest Case '-[testTests.testTests testScoreIsComputedWhenGuessLTTarget]' failed (0.004 seconds).\nTest Suite 'testTests' failed at 2020-04-18 16:57:54.980.\n\t Executed 3 tests, with 1 failure (0 unexpected) in 0.324 (0.325) seconds\n"
                                },
                                "result" : {
                                  "_type" : {
                                    "_name" : "String"
                                  },
                                  "_value" : "succeeded"
                                },
                                "startTime" : {
                                  "_type" : {
                                    "_name" : "Date"
                                  },
                                  "_value" : "2020-04-18T16:57:54.659+0100"
                                },
                                "subsections" : {
                                  "_type" : {
                                    "_name" : "Array"
                                  },
                                  "_values" : [
                                    {
                                      "_type" : {
                                        "_name" : "ActivityLogUnitTestSection",
                                        "_supertype" : {
                                          "_name" : "ActivityLogSection"
                                        }
                                      },
                                      "domainType" : {
                                        "_type" : {
                                          "_name" : "String"
                                        },
                                        "_value" : "com.apple.dt.IDE.UnitTestLogSection"
                                      },
                                      "duration" : {
                                        "_type" : {
                                          "_name" : "Double"
                                        },
                                        "_value" : "0.0011639595031738281"
                                      },
                                      "emittedOutput" : {
                                        "_type" : {
                                          "_name" : "String"
                                        },
                                        "_value" : "Test Case '-[testTests.testTests testExample]' started.\nTest Case '-[testTests.testTests testExample]' passed (0.001 seconds).\n"
                                      },
                                      "result" : {
                                        "_type" : {
                                          "_name" : "String"
                                        },
                                        "_value" : "succeeded"
                                      },
                                      "startTime" : {
                                        "_type" : {
                                          "_name" : "Date"
                                        },
                                        "_value" : "2020-04-18T16:57:54.662+0100"
                                      },
                                      "suiteName" : {
                                        "_type" : {
                                          "_name" : "String"
                                        },
                                        "_value" : "testTests"
                                      },
                                      "summary" : {
                                        "_type" : {
                                          "_name" : "String"
                                        },
                                        "_value" : "Test Case '-[testTests.testTests testExample]' passed (0.001 seconds).\n"
                                      },
                                      "testName" : {
                                        "_type" : {
                                          "_name" : "String"
                                        },
                                        "_value" : "testExample()"
                                      },
                                      "title" : {
                                        "_type" : {
                                          "_name" : "String"
                                        },
                                        "_value" : "Run test case testExample()"
                                      }
                                    },
                                    {
                                      "_type" : {
                                        "_name" : "ActivityLogUnitTestSection",
                                        "_supertype" : {
                                          "_name" : "ActivityLogSection"
                                        }
                                      },
                                      "domainType" : {
                                        "_type" : {
                                          "_name" : "String"
                                        },
                                        "_value" : "com.apple.dt.IDE.UnitTestLogSection"
                                      },
                                      "duration" : {
                                        "_type" : {
                                          "_name" : "Double"
                                        },
                                        "_value" : "0.3186819553375244"
                                      },
                                      "emittedOutput" : {
                                        "_type" : {
                                          "_name" : "String"
                                        },
                                        "_value" : "Test Case '-[testTests.testTests testPerformanceExample]' started.\n\/Users\/johann.martinache\/Desktop\/tmp\/toto\/test\/testTests\/testTests.swift:33: Test Case '-[testTests.testTests testPerformanceExample]' measured [Time, seconds] average: 0.000, relative standard deviation: 90.321%, values: [0.000038, 0.000010, 0.000008, 0.000007, 0.000007, 0.000007, 0.000007, 0.000006, 0.000006, 0.000007], performanceMetricID:com.apple.XCTPerformanceMetric_WallClockTime, baselineName: \"\", baselineAverage: , maxPercentRegression: 10.000%, maxPercentRelativeStandardDeviation: 10.000%, maxRegression: 0.100, maxStandardDeviation: 0.100\nTest Case '-[testTests.testTests testPerformanceExample]' passed (0.319 seconds).\n"
                                      },
                                      "messages" : {
                                        "_type" : {
                                          "_name" : "Array"
                                        },
                                        "_values" : [
                                          {
                                            "_type" : {
                                              "_name" : "ActivityLogMessage"
                                            },
                                            "shortTitle" : {
                                              "_type" : {
                                                "_name" : "String"
                                              },
                                              "_value" : "Time average: 0.000 seconds, relative standard deviation: 90.3%"
                                            },
                                            "title" : {
                                              "_type" : {
                                                "_name" : "String"
                                              },
                                              "_value" : "Time average: 0.000 seconds, relative standard deviation: 90.3%"
                                            },
                                            "type" : {
                                              "_type" : {
                                                "_name" : "String"
                                              },
                                              "_value" : "notice"
                                            }
                                          }
                                        ]
                                      },
                                      "result" : {
                                        "_type" : {
                                          "_name" : "String"
                                        },
                                        "_value" : "succeeded"
                                      },
                                      "startTime" : {
                                        "_type" : {
                                          "_name" : "Date"
                                        },
                                        "_value" : "2020-04-18T16:57:54.762+0100"
                                      },
                                      "suiteName" : {
                                        "_type" : {
                                          "_name" : "String"
                                        },
                                        "_value" : "testTests"
                                      },
                                      "summary" : {
                                        "_type" : {
                                          "_name" : "String"
                                        },
                                        "_value" : "Test Case '-[testTests.testTests testPerformanceExample]' passed (0.319 seconds).\n"
                                      },
                                      "testName" : {
                                        "_type" : {
                                          "_name" : "String"
                                        },
                                        "_value" : "testPerformanceExample()"
                                      },
                                      "title" : {
                                        "_type" : {
                                          "_name" : "String"
                                        },
                                        "_value" : "Run test case testPerformanceExample()"
                                      }
                                    },
                                    {
                                      "_type" : {
                                        "_name" : "ActivityLogUnitTestSection",
                                        "_supertype" : {
                                          "_name" : "ActivityLogSection"
                                        }
                                      },
                                      "domainType" : {
                                        "_type" : {
                                          "_name" : "String"
                                        },
                                        "_value" : "com.apple.dt.IDE.UnitTestLogSection"
                                      },
                                      "duration" : {
                                        "_type" : {
                                          "_name" : "Double"
                                        },
                                        "_value" : "0.0038911104202270508"
                                      },
                                      "emittedOutput" : {
                                        "_type" : {
                                          "_name" : "String"
                                        },
                                        "_value" : "Test Case '-[testTests.testTests testScoreIsComputedWhenGuessLTTarget]' started.\n\/Users\/johann.martinache\/Desktop\/tmp\/toto\/test\/testTests\/testTests.swift:23: error: -[testTests.testTests testScoreIsComputedWhenGuessLTTarget] : XCTAssertEqual failed: (\"100\") is not equal to (\"101\") - fake test\nTest Case '-[testTests.testTests testScoreIsComputedWhenGuessLTTarget]' failed (0.004 seconds).\n"
                                      },
                                      "messages" : {
                                        "_type" : {
                                          "_name" : "Array"
                                        },
                                        "_values" : [
                                          {
                                            "_type" : {
                                              "_name" : "ActivityLogMessage"
                                            },
                                            "location" : {
                                              "_type" : {
                                                "_name" : "DocumentLocation"
                                              },
                                              "concreteTypeName" : {
                                                "_type" : {
                                                  "_name" : "String"
                                                },
                                                "_value" : "DVTTextDocumentLocation"
                                              },
                                              "url" : {
                                                "_type" : {
                                                  "_name" : "String"
                                                },
                                                "_value" : "file:\/\/\/Users\/johann.martinache\/Desktop\/tmp\/toto\/test\/testTests\/testTests.swift#CharacterRangeLen=0&EndingLineNumber=22&StartingLineNumber=22"
                                              }
                                            },
                                            "shortTitle" : {
                                              "_type" : {
                                                "_name" : "String"
                                              },
                                              "_value" : "XCTAssertEqual failed: (\"100\") is not equal to (\"101\") - fake test"
                                            },
                                            "title" : {
                                              "_type" : {
                                                "_name" : "String"
                                              },
                                              "_value" : "XCTAssertEqual failed: (\"100\") is not equal to (\"101\") - fake test"
                                            },
                                            "type" : {
                                              "_type" : {
                                                "_name" : "String"
                                              },
                                              "_value" : "test failure"
                                            }
                                          }
                                        ]
                                      },
                                      "result" : {
                                        "_type" : {
                                          "_name" : "String"
                                        },
                                        "_value" : "succeeded"
                                      },
                                      "startTime" : {
                                        "_type" : {
                                          "_name" : "Date"
                                        },
                                        "_value" : "2020-04-18T16:57:54.978+0100"
                                      },
                                      "suiteName" : {
                                        "_type" : {
                                          "_name" : "String"
                                        },
                                        "_value" : "testTests"
                                      },
                                      "summary" : {
                                        "_type" : {
                                          "_name" : "String"
                                        },
                                        "_value" : "Test Case '-[testTests.testTests testScoreIsComputedWhenGuessLTTarget]' failed (0.004 seconds).\n"
                                      },
                                      "testName" : {
                                        "_type" : {
                                          "_name" : "String"
                                        },
                                        "_value" : "testScoreIsComputedWhenGuessLTTarget()"
                                      },
                                      "title" : {
                                        "_type" : {
                                          "_name" : "String"
                                        },
                                        "_value" : "Run test case testScoreIsComputedWhenGuessLTTarget()"
                                      }
                                    }
                                  ]
                                },
                                "suiteName" : {
                                  "_type" : {
                                    "_name" : "String"
                                  },
                                  "_value" : "testTests"
                                },
                                "summary" : {
                                  "_type" : {
                                    "_name" : "String"
                                  },
                                  "_value" : "Test Suite 'testTests' failed at 2020-04-18 16:57:54.980.\n\t Executed 3 tests, with 1 failure (0 unexpected) in 0.324 (0.325) seconds\n"
                                },
                                "testsPassedString" : {
                                  "_type" : {
                                    "_name" : "String"
                                  },
                                  "_value" : "2 out of 3 tests passed"
                                },
                                "title" : {
                                  "_type" : {
                                    "_name" : "String"
                                  },
                                  "_value" : "Run test suite testTests"
                                }
                              }
                            ]
                          },
                          "suiteName" : {
                            "_type" : {
                              "_name" : "String"
                            },
                            "_value" : "testTests.xctest"
                          },
                          "summary" : {
                            "_type" : {
                              "_name" : "String"
                            },
                            "_value" : "Test Suite 'testTests.xctest' failed at 2020-04-18 16:57:54.980.\n\t Executed 3 tests, with 1 failure (0 unexpected) in 0.324 (0.326) seconds\n"
                          },
                          "testsPassedString" : {
                            "_type" : {
                              "_name" : "String"
                            },
                            "_value" : "2 out of 3 tests passed"
                          },
                          "title" : {
                            "_type" : {
                              "_name" : "String"
                            },
                            "_value" : "Run test suite testTests.xctest"
                          }
                        }
                      ]
                    },
                    "suiteName" : {
                      "_type" : {
                        "_name" : "String"
                      },
                      "_value" : "All tests"
                    },
                    "summary" : {
                      "_type" : {
                        "_name" : "String"
                      },
                      "_value" : "Test Suite 'All tests' failed at 2020-04-18 16:57:54.981.\n\t Executed 3 tests, with 1 failure (0 unexpected) in 0.324 (0.328) seconds\n"
                    },
                    "testsPassedString" : {
                      "_type" : {
                        "_name" : "String"
                      },
                      "_value" : "2 out of 3 tests passed"
                    },
                    "title" : {
                      "_type" : {
                        "_name" : "String"
                      },
                      "_value" : "Run test suite All tests"
                    }
                  }
                ]
              },
              "testsPassedString" : {
                "_type" : {
                  "_name" : "String"
                },
                "_value" : "2 out of 3 tests passed"
              },
              "title" : {
                "_type" : {
                  "_name" : "String"
                },
                "_value" : "test.app (72573)"
              }
            }
          ]
        },
        "subtitle" : {
          "_type" : {
            "_name" : "String"
          },
          "_value" : "Destination iPad (7th generation)"
        },
        "title" : {
          "_type" : {
            "_name" : "String"
          },
          "_value" : "Test target testTests"
        }
      },
      {
        "_type" : {
          "_name" : "ActivityLogMajorSection",
          "_supertype" : {
            "_name" : "ActivityLogSection"
          }
        },
        "domainType" : {
          "_type" : {
            "_name" : "String"
          },
          "_value" : "com.apple.dt.unit.cocoaUnitTest"
        },
        "duration" : {
          "_type" : {
            "_name" : "Double"
          },
          "_value" : "25.163553953170776"
        },
        "result" : {
          "_type" : {
            "_name" : "String"
          },
          "_value" : "succeeded"
        },
        "startTime" : {
          "_type" : {
            "_name" : "Date"
          },
          "_value" : "2020-04-18T16:57:55.279+0100"
        },
        "subsections" : {
          "_type" : {
            "_name" : "Array"
          },
          "_values" : [
            {
              "_type" : {
                "_name" : "ActivityLogUnitTestSection",
                "_supertype" : {
                  "_name" : "ActivityLogSection"
                }
              },
              "domainType" : {
                "_type" : {
                  "_name" : "String"
                },
                "_value" : "com.apple.dt.IDE.UnitTestLogSection.Worker"
              },
              "duration" : {
                "_type" : {
                  "_name" : "Double"
                },
                "_value" : "23.418364882469177"
              },
              "emittedOutput" : {
                "_type" : {
                  "_name" : "String"
                },
                "_value" : "2020-04-18 16:57:56.022132+0100 testUITests-Runner[72576:500414] Running tests...\nTest Suite 'All tests' started at 2020-04-18 16:57:56.734\nTest Suite 'testUITests.xctest' started at 2020-04-18 16:57:56.735\nTest Suite 'testUITests' started at 2020-04-18 16:57:56.736\nTest Case '-[testUITests.testUITests testExample]' started.\n    t =     0.00s Start Test at 2020-04-18 16:57:56.737\n    t =     0.11s Set Up\n    t =     0.12s Open shoebox.test.test\n    t =     0.19s     Launch shoebox.test.test\n    t =     1.03s         Setting up automation session\n    t =     1.13s         Wait for shoebox.test.test to idle\n    t =     2.39s Tear Down\nTest Case '-[testUITests.testUITests testExample]' passed (2.587 seconds).\nTest Case '-[testUITests.testUITests testLaunchPerformance]' started.\n    t =     0.00s Start Test at 2020-04-18 16:57:59.324\n    t =     0.05s Set Up\n    t =     0.05s Open shoebox.test.test\n    t =     0.10s     Launch shoebox.test.test\n    t =     0.10s         Terminate shoebox.test.test:72578\n    t =     1.84s         Setting up automation session\n    t =     1.94s         Wait for shoebox.test.test to idle\n    t =     3.77s Open shoebox.test.test\n    t =     3.81s     Launch shoebox.test.test\n    t =     3.81s         Terminate shoebox.test.test:72579\n    t =     5.72s         Setting up automation session\n    t =     5.76s         Wait for shoebox.test.test to idle\n    t =     7.06s Open shoebox.test.test\n    t =     7.11s     Launch shoebox.test.test\n    t =     7.11s         Terminate shoebox.test.test:72583\n    t =     9.16s         Setting up automation session\n    t =     9.19s         Wait for shoebox.test.test to idle\n    t =    10.51s Open shoebox.test.test\n    t =    10.56s     Launch shoebox.test.test\n    t =    10.56s         Terminate shoebox.test.test:72584\n    t =    12.47s         Setting up automation session\n    t =    12.55s         Wait for shoebox.test.test to idle\n    t =    13.96s Open shoebox.test.test\n    t =    14.00s     Launch shoebox.test.test\n    t =    14.00s         Terminate shoebox.test.test:72586\n    t =    15.72s         Setting up automation session\n    t =    15.83s         Wait for shoebox.test.test to idle\n    t =    17.17s Open shoebox.test.test\n    t =    17.21s     Launch shoebox.test.test\n    t =    17.21s         Terminate shoebox.test.test:72588\n    t =    19.00s         Setting up automation session\n    t =    19.10s         Wait for shoebox.test.test to idle\n2020-04-18 16:58:19.926087+0100 testUITests-Runner[72576:500414] [Default] Extractor called processingCompletionBlock but self is nil!\n2020-04-18 16:58:19.926561+0100 testUITests-Runner[72576:500414] [Default] Extractor called processingCompletionBlock but self is nil!\n2020-04-18 16:58:19.926926+0100 testUITests-Runner[72576:500414] [Default] Extractor called processingCompletionBlock but self is nil!\n2020-04-18 16:58:19.927240+0100 testUITests-Runner[72576:500414] [Default] Extractor called processingCompletionBlock but self is nil!\n2020-04-18 16:58:19.927502+0100 testUITests-Runner[72576:500414] [Default] Extractor called processingCompletionBlock but self is nil!\n2020-04-18 16:58:19.927768+0100 testUITests-Runner[72576:500414] [Default] Extractor called processingCompletionBlock but self is nil!\n\/Users\/johann.martinache\/Desktop\/tmp\/toto\/test\/testUITests\/testUITests.swift:38: Test Case '-[testUITests.testUITests testLaunchPerformance]' measured [OS Signpost Duration (AppLaunch), s] average: 0.508, relative standard deviation: 11.218%, values: [0.463711, 0.593337, 0.503906, 0.433649, 0.546218], performanceMetricID:com.apple.dt.XCTMetric_OSSignpost-AppLaunch.duration, baselineName: \"\", baselineAverage: , maxPercentRegression: 10.000%, maxPercentRelativeStandardDeviation: 10.000%, maxRegression: 0.000, maxStandardDeviation: 0.000\n    t =    20.63s Tear Down\nTest Case '-[testUITests.testUITests testLaunchPerformance]' passed (20.831 seconds).\nTest Suite 'testUITests' passed at 2020-04-18 16:58:20.155.\n\t Executed 2 tests, with 0 failures (0 unexpected) in 23.418 (23.420) seconds\nTest Suite 'testUITests.xctest' passed at 2020-04-18 16:58:20.156.\n\t Executed 2 tests, with 0 failures (0 unexpected) in 23.418 (23.421) seconds\nTest Suite 'All tests' passed at 2020-04-18 16:58:20.157.\n\t Executed 2 tests, with 0 failures (0 unexpected) in 23.418 (23.423) seconds\n"
              },
              "result" : {
                "_type" : {
                  "_name" : "String"
                },
                "_value" : "succeeded"
              },
              "runnablePath" : {
                "_type" : {
                  "_name" : "String"
                },
                "_value" : "\/Users\/johann.martinache\/Library\/Developer\/Xcode\/DerivedData\/test-hfwrnowsddtobwbwrcovcvtcotya\/Build\/Products\/Debug-iphonesimulator\/testUITests-Runner.app"
              },
              "runnableUTI" : {
                "_type" : {
                  "_name" : "String"
                },
                "_value" : "com.apple.application-bundle"
              },
              "startTime" : {
                "_type" : {
                  "_name" : "Date"
                },
                "_value" : "2020-04-18T16:57:55.279+0100"
              },
              "subsections" : {
                "_type" : {
                  "_name" : "Array"
                },
                "_values" : [
                  {
                    "_type" : {
                      "_name" : "ActivityLogCommandInvocationSection",
                      "_supertype" : {
                        "_name" : "ActivityLogSection"
                      }
                    },
                    "commandDetails" : {
                      "_type" : {
                        "_name" : "String"
                      },
                      "_value" : "\/var\/folders\/m1\/s05mrl8s4fbfw8zf4hw04tjwh740pl\/T\/dothething54c2a01d51ced58d5c5d80a0075161b3.xcresult\/Staging\/1_Test\/Diagnostics\/testUITests-52F2DDE1-372C-446B-BC8E-FFD880DD4BDA\/testUITests-F3F3E735-A0E9-47D6-A3E3-66759D13F55E\/Session-testUITests-2020-04-18_165755-I09jYw.log"
                    },
                    "domainType" : {
                      "_type" : {
                        "_name" : "String"
                      },
                      "_value" : "com.apple.dt.IDE.UnitTestLogSection"
                    },
                    "duration" : {
                      "_type" : {
                        "_name" : "Double"
                      },
                      "_value" : "9.894371032714844e-05"
                    },
                    "messages" : {
                      "_type" : {
                        "_name" : "Array"
                      },
                      "_values" : [
                        {
                          "_type" : {
                            "_name" : "ActivityLogMessage"
                          },
                          "location" : {
                            "_type" : {
                              "_name" : "DocumentLocation"
                            },
                            "concreteTypeName" : {
                              "_type" : {
                                "_name" : "String"
                              },
                              "_value" : "DVTTextDocumentLocation"
                            },
                            "url" : {
                              "_type" : {
                                "_name" : "String"
                              },
                              "_value" : "file:\/\/\/var\/folders\/m1\/s05mrl8s4fbfw8zf4hw04tjwh740pl\/T\/dothething54c2a01d51ced58d5c5d80a0075161b3.xcresult\/Staging\/1_Test\/Diagnostics\/testUITests-52F2DDE1-372C-446B-BC8E-FFD880DD4BDA\/testUITests-F3F3E735-A0E9-47D6-A3E3-66759D13F55E\/Session-testUITests-2020-04-18_165755-I09jYw.log#CharacterRangeLen=0"
                            }
                          },
                          "shortTitle" : {
                            "_type" : {
                              "_name" : "String"
                            },
                            "_value" : "\/var\/folders\/m1\/s05mrl8s4fbfw8zf4hw04tjwh740pl\/T\/dothething54c2a01d51ced58d5c5d80a0075161b3.xcresult\/Staging\/1_Test\/Diagnostics\/testUITests-52F2DDE1-372C-446B-BC8E-FFD880DD4BDA\/testUITests-F3F3E735-A0E9-47D6-A3E3-66759D13F55E\/Session-testUITests-2020-04-18_165755-I09jYw.log"
                          },
                          "title" : {
                            "_type" : {
                              "_name" : "String"
                            },
                            "_value" : "\/var\/folders\/m1\/s05mrl8s4fbfw8zf4hw04tjwh740pl\/T\/dothething54c2a01d51ced58d5c5d80a0075161b3.xcresult\/Staging\/1_Test\/Diagnostics\/testUITests-52F2DDE1-372C-446B-BC8E-FFD880DD4BDA\/testUITests-F3F3E735-A0E9-47D6-A3E3-66759D13F55E\/Session-testUITests-2020-04-18_165755-I09jYw.log"
                          },
                          "type" : {
                            "_type" : {
                              "_name" : "String"
                            },
                            "_value" : "notice"
                          }
                        }
                      ]
                    },
                    "result" : {
                      "_type" : {
                        "_name" : "String"
                      },
                      "_value" : "succeeded"
                    },
                    "startTime" : {
                      "_type" : {
                        "_name" : "Date"
                      },
                      "_value" : "2020-04-18T16:57:55.279+0100"
                    },
                    "title" : {
                      "_type" : {
                        "_name" : "String"
                      },
                      "_value" : "Writing diagnostic log for test session. Please attach this log to any test-related bug reports."
                    }
                  },
                  {
                    "_type" : {
                      "_name" : "ActivityLogUnitTestSection",
                      "_supertype" : {
                        "_name" : "ActivityLogSection"
                      }
                    },
                    "domainType" : {
                      "_type" : {
                        "_name" : "String"
                      },
                      "_value" : "com.apple.dt.IDE.UnitTestLogSection"
                    },
                    "duration" : {
                      "_type" : {
                        "_name" : "Double"
                      },
                      "_value" : "23.418364882469177"
                    },
                    "emittedOutput" : {
                      "_type" : {
                        "_name" : "String"
                      },
                      "_value" : "2020-04-18 16:57:56.022132+0100 testUITests-Runner[72576:500414] Running tests...\nTest Suite 'All tests' started at 2020-04-18 16:57:56.734\nTest Suite 'testUITests.xctest' started at 2020-04-18 16:57:56.735\nTest Suite 'testUITests' started at 2020-04-18 16:57:56.736\nTest Case '-[testUITests.testUITests testExample]' started.\n    t =     0.00s Start Test at 2020-04-18 16:57:56.737\n    t =     0.11s Set Up\n    t =     0.12s Open shoebox.test.test\n    t =     0.19s     Launch shoebox.test.test\n    t =     1.03s         Setting up automation session\n    t =     1.13s         Wait for shoebox.test.test to idle\n    t =     2.39s Tear Down\nTest Case '-[testUITests.testUITests testExample]' passed (2.587 seconds).\nTest Case '-[testUITests.testUITests testLaunchPerformance]' started.\n    t =     0.00s Start Test at 2020-04-18 16:57:59.324\n    t =     0.05s Set Up\n    t =     0.05s Open shoebox.test.test\n    t =     0.10s     Launch shoebox.test.test\n    t =     0.10s         Terminate shoebox.test.test:72578\n    t =     1.84s         Setting up automation session\n    t =     1.94s         Wait for shoebox.test.test to idle\n    t =     3.77s Open shoebox.test.test\n    t =     3.81s     Launch shoebox.test.test\n    t =     3.81s         Terminate shoebox.test.test:72579\n    t =     5.72s         Setting up automation session\n    t =     5.76s         Wait for shoebox.test.test to idle\n    t =     7.06s Open shoebox.test.test\n    t =     7.11s     Launch shoebox.test.test\n    t =     7.11s         Terminate shoebox.test.test:72583\n    t =     9.16s         Setting up automation session\n    t =     9.19s         Wait for shoebox.test.test to idle\n    t =    10.51s Open shoebox.test.test\n    t =    10.56s     Launch shoebox.test.test\n    t =    10.56s         Terminate shoebox.test.test:72584\n    t =    12.47s         Setting up automation session\n    t =    12.55s         Wait for shoebox.test.test to idle\n    t =    13.96s Open shoebox.test.test\n    t =    14.00s     Launch shoebox.test.test\n    t =    14.00s         Terminate shoebox.test.test:72586\n    t =    15.72s         Setting up automation session\n    t =    15.83s         Wait for shoebox.test.test to idle\n    t =    17.17s Open shoebox.test.test\n    t =    17.21s     Launch shoebox.test.test\n    t =    17.21s         Terminate shoebox.test.test:72588\n    t =    19.00s         Setting up automation session\n    t =    19.10s         Wait for shoebox.test.test to idle\n2020-04-18 16:58:19.926087+0100 testUITests-Runner[72576:500414] [Default] Extractor called processingCompletionBlock but self is nil!\n2020-04-18 16:58:19.926561+0100 testUITests-Runner[72576:500414] [Default] Extractor called processingCompletionBlock but self is nil!\n2020-04-18 16:58:19.926926+0100 testUITests-Runner[72576:500414] [Default] Extractor called processingCompletionBlock but self is nil!\n2020-04-18 16:58:19.927240+0100 testUITests-Runner[72576:500414] [Default] Extractor called processingCompletionBlock but self is nil!\n2020-04-18 16:58:19.927502+0100 testUITests-Runner[72576:500414] [Default] Extractor called processingCompletionBlock but self is nil!\n2020-04-18 16:58:19.927768+0100 testUITests-Runner[72576:500414] [Default] Extractor called processingCompletionBlock but self is nil!\n\/Users\/johann.martinache\/Desktop\/tmp\/toto\/test\/testUITests\/testUITests.swift:38: Test Case '-[testUITests.testUITests testLaunchPerformance]' measured [OS Signpost Duration (AppLaunch), s] average: 0.508, relative standard deviation: 11.218%, values: [0.463711, 0.593337, 0.503906, 0.433649, 0.546218], performanceMetricID:com.apple.dt.XCTMetric_OSSignpost-AppLaunch.duration, baselineName: \"\", baselineAverage: , maxPercentRegression: 10.000%, maxPercentRelativeStandardDeviation: 10.000%, maxRegression: 0.000, maxStandardDeviation: 0.000\n    t =    20.63s Tear Down\nTest Case '-[testUITests.testUITests testLaunchPerformance]' passed (20.831 seconds).\nTest Suite 'testUITests' passed at 2020-04-18 16:58:20.155.\n\t Executed 2 tests, with 0 failures (0 unexpected) in 23.418 (23.420) seconds\nTest Suite 'testUITests.xctest' passed at 2020-04-18 16:58:20.156.\n\t Executed 2 tests, with 0 failures (0 unexpected) in 23.418 (23.421) seconds\nTest Suite 'All tests' passed at 2020-04-18 16:58:20.157.\n\t Executed 2 tests, with 0 failures (0 unexpected) in 23.418 (23.423) seconds\n"
                    },
                    "result" : {
                      "_type" : {
                        "_name" : "String"
                      },
                      "_value" : "succeeded"
                    },
                    "startTime" : {
                      "_type" : {
                        "_name" : "Date"
                      },
                      "_value" : "2020-04-18T16:57:56.736+0100"
                    },
                    "subsections" : {
                      "_type" : {
                        "_name" : "Array"
                      },
                      "_values" : [
                        {
                          "_type" : {
                            "_name" : "ActivityLogUnitTestSection",
                            "_supertype" : {
                              "_name" : "ActivityLogSection"
                            }
                          },
                          "domainType" : {
                            "_type" : {
                              "_name" : "String"
                            },
                            "_value" : "com.apple.dt.IDE.UnitTestLogSection"
                          },
                          "duration" : {
                            "_type" : {
                              "_name" : "Double"
                            },
                            "_value" : "23.418364882469177"
                          },
                          "emittedOutput" : {
                            "_type" : {
                              "_name" : "String"
                            },
                            "_value" : "Test Suite 'testUITests.xctest' started at 2020-04-18 16:57:56.735\nTest Suite 'testUITests' started at 2020-04-18 16:57:56.736\nTest Case '-[testUITests.testUITests testExample]' started.\n    t =     0.00s Start Test at 2020-04-18 16:57:56.737\n    t =     0.11s Set Up\n    t =     0.12s Open shoebox.test.test\n    t =     0.19s     Launch shoebox.test.test\n    t =     1.03s         Setting up automation session\n    t =     1.13s         Wait for shoebox.test.test to idle\n    t =     2.39s Tear Down\nTest Case '-[testUITests.testUITests testExample]' passed (2.587 seconds).\nTest Case '-[testUITests.testUITests testLaunchPerformance]' started.\n    t =     0.00s Start Test at 2020-04-18 16:57:59.324\n    t =     0.05s Set Up\n    t =     0.05s Open shoebox.test.test\n    t =     0.10s     Launch shoebox.test.test\n    t =     0.10s         Terminate shoebox.test.test:72578\n    t =     1.84s         Setting up automation session\n    t =     1.94s         Wait for shoebox.test.test to idle\n    t =     3.77s Open shoebox.test.test\n    t =     3.81s     Launch shoebox.test.test\n    t =     3.81s         Terminate shoebox.test.test:72579\n    t =     5.72s         Setting up automation session\n    t =     5.76s         Wait for shoebox.test.test to idle\n    t =     7.06s Open shoebox.test.test\n    t =     7.11s     Launch shoebox.test.test\n    t =     7.11s         Terminate shoebox.test.test:72583\n    t =     9.16s         Setting up automation session\n    t =     9.19s         Wait for shoebox.test.test to idle\n    t =    10.51s Open shoebox.test.test\n    t =    10.56s     Launch shoebox.test.test\n    t =    10.56s         Terminate shoebox.test.test:72584\n    t =    12.47s         Setting up automation session\n    t =    12.55s         Wait for shoebox.test.test to idle\n    t =    13.96s Open shoebox.test.test\n    t =    14.00s     Launch shoebox.test.test\n    t =    14.00s         Terminate shoebox.test.test:72586\n    t =    15.72s         Setting up automation session\n    t =    15.83s         Wait for shoebox.test.test to idle\n    t =    17.17s Open shoebox.test.test\n    t =    17.21s     Launch shoebox.test.test\n    t =    17.21s         Terminate shoebox.test.test:72588\n    t =    19.00s         Setting up automation session\n    t =    19.10s         Wait for shoebox.test.test to idle\n2020-04-18 16:58:19.926087+0100 testUITests-Runner[72576:500414] [Default] Extractor called processingCompletionBlock but self is nil!\n2020-04-18 16:58:19.926561+0100 testUITests-Runner[72576:500414] [Default] Extractor called processingCompletionBlock but self is nil!\n2020-04-18 16:58:19.926926+0100 testUITests-Runner[72576:500414] [Default] Extractor called processingCompletionBlock but self is nil!\n2020-04-18 16:58:19.927240+0100 testUITests-Runner[72576:500414] [Default] Extractor called processingCompletionBlock but self is nil!\n2020-04-18 16:58:19.927502+0100 testUITests-Runner[72576:500414] [Default] Extractor called processingCompletionBlock but self is nil!\n2020-04-18 16:58:19.927768+0100 testUITests-Runner[72576:500414] [Default] Extractor called processingCompletionBlock but self is nil!\n\/Users\/johann.martinache\/Desktop\/tmp\/toto\/test\/testUITests\/testUITests.swift:38: Test Case '-[testUITests.testUITests testLaunchPerformance]' measured [OS Signpost Duration (AppLaunch), s] average: 0.508, relative standard deviation: 11.218%, values: [0.463711, 0.593337, 0.503906, 0.433649, 0.546218], performanceMetricID:com.apple.dt.XCTMetric_OSSignpost-AppLaunch.duration, baselineName: \"\", baselineAverage: , maxPercentRegression: 10.000%, maxPercentRelativeStandardDeviation: 10.000%, maxRegression: 0.000, maxStandardDeviation: 0.000\n    t =    20.63s Tear Down\nTest Case '-[testUITests.testUITests testLaunchPerformance]' passed (20.831 seconds).\nTest Suite 'testUITests' passed at 2020-04-18 16:58:20.155.\n\t Executed 2 tests, with 0 failures (0 unexpected) in 23.418 (23.420) seconds\nTest Suite 'testUITests.xctest' passed at 2020-04-18 16:58:20.156.\n\t Executed 2 tests, with 0 failures (0 unexpected) in 23.418 (23.421) seconds\n"
                          },
                          "result" : {
                            "_type" : {
                              "_name" : "String"
                            },
                            "_value" : "succeeded"
                          },
                          "startTime" : {
                            "_type" : {
                              "_name" : "Date"
                            },
                            "_value" : "2020-04-18T16:57:56.736+0100"
                          },
                          "subsections" : {
                            "_type" : {
                              "_name" : "Array"
                            },
                            "_values" : [
                              {
                                "_type" : {
                                  "_name" : "ActivityLogUnitTestSection",
                                  "_supertype" : {
                                    "_name" : "ActivityLogSection"
                                  }
                                },
                                "domainType" : {
                                  "_type" : {
                                    "_name" : "String"
                                  },
                                  "_value" : "com.apple.dt.IDE.UnitTestLogSection"
                                },
                                "duration" : {
                                  "_type" : {
                                    "_name" : "Double"
                                  },
                                  "_value" : "23.418364882469177"
                                },
                                "emittedOutput" : {
                                  "_type" : {
                                    "_name" : "String"
                                  },
                                  "_value" : "Test Suite 'testUITests' started at 2020-04-18 16:57:56.736\nTest Case '-[testUITests.testUITests testExample]' started.\n    t =     0.00s Start Test at 2020-04-18 16:57:56.737\n    t =     0.11s Set Up\n    t =     0.12s Open shoebox.test.test\n    t =     0.19s     Launch shoebox.test.test\n    t =     1.03s         Setting up automation session\n    t =     1.13s         Wait for shoebox.test.test to idle\n    t =     2.39s Tear Down\nTest Case '-[testUITests.testUITests testExample]' passed (2.587 seconds).\nTest Case '-[testUITests.testUITests testLaunchPerformance]' started.\n    t =     0.00s Start Test at 2020-04-18 16:57:59.324\n    t =     0.05s Set Up\n    t =     0.05s Open shoebox.test.test\n    t =     0.10s     Launch shoebox.test.test\n    t =     0.10s         Terminate shoebox.test.test:72578\n    t =     1.84s         Setting up automation session\n    t =     1.94s         Wait for shoebox.test.test to idle\n    t =     3.77s Open shoebox.test.test\n    t =     3.81s     Launch shoebox.test.test\n    t =     3.81s         Terminate shoebox.test.test:72579\n    t =     5.72s         Setting up automation session\n    t =     5.76s         Wait for shoebox.test.test to idle\n    t =     7.06s Open shoebox.test.test\n    t =     7.11s     Launch shoebox.test.test\n    t =     7.11s         Terminate shoebox.test.test:72583\n    t =     9.16s         Setting up automation session\n    t =     9.19s         Wait for shoebox.test.test to idle\n    t =    10.51s Open shoebox.test.test\n    t =    10.56s     Launch shoebox.test.test\n    t =    10.56s         Terminate shoebox.test.test:72584\n    t =    12.47s         Setting up automation session\n    t =    12.55s         Wait for shoebox.test.test to idle\n    t =    13.96s Open shoebox.test.test\n    t =    14.00s     Launch shoebox.test.test\n    t =    14.00s         Terminate shoebox.test.test:72586\n    t =    15.72s         Setting up automation session\n    t =    15.83s         Wait for shoebox.test.test to idle\n    t =    17.17s Open shoebox.test.test\n    t =    17.21s     Launch shoebox.test.test\n    t =    17.21s         Terminate shoebox.test.test:72588\n    t =    19.00s         Setting up automation session\n    t =    19.10s         Wait for shoebox.test.test to idle\n2020-04-18 16:58:19.926087+0100 testUITests-Runner[72576:500414] [Default] Extractor called processingCompletionBlock but self is nil!\n2020-04-18 16:58:19.926561+0100 testUITests-Runner[72576:500414] [Default] Extractor called processingCompletionBlock but self is nil!\n2020-04-18 16:58:19.926926+0100 testUITests-Runner[72576:500414] [Default] Extractor called processingCompletionBlock but self is nil!\n2020-04-18 16:58:19.927240+0100 testUITests-Runner[72576:500414] [Default] Extractor called processingCompletionBlock but self is nil!\n2020-04-18 16:58:19.927502+0100 testUITests-Runner[72576:500414] [Default] Extractor called processingCompletionBlock but self is nil!\n2020-04-18 16:58:19.927768+0100 testUITests-Runner[72576:500414] [Default] Extractor called processingCompletionBlock but self is nil!\n\/Users\/johann.martinache\/Desktop\/tmp\/toto\/test\/testUITests\/testUITests.swift:38: Test Case '-[testUITests.testUITests testLaunchPerformance]' measured [OS Signpost Duration (AppLaunch), s] average: 0.508, relative standard deviation: 11.218%, values: [0.463711, 0.593337, 0.503906, 0.433649, 0.546218], performanceMetricID:com.apple.dt.XCTMetric_OSSignpost-AppLaunch.duration, baselineName: \"\", baselineAverage: , maxPercentRegression: 10.000%, maxPercentRelativeStandardDeviation: 10.000%, maxRegression: 0.000, maxStandardDeviation: 0.000\n    t =    20.63s Tear Down\nTest Case '-[testUITests.testUITests testLaunchPerformance]' passed (20.831 seconds).\nTest Suite 'testUITests' passed at 2020-04-18 16:58:20.155.\n\t Executed 2 tests, with 0 failures (0 unexpected) in 23.418 (23.420) seconds\n"
                                },
                                "result" : {
                                  "_type" : {
                                    "_name" : "String"
                                  },
                                  "_value" : "succeeded"
                                },
                                "startTime" : {
                                  "_type" : {
                                    "_name" : "Date"
                                  },
                                  "_value" : "2020-04-18T16:57:56.737+0100"
                                },
                                "subsections" : {
                                  "_type" : {
                                    "_name" : "Array"
                                  },
                                  "_values" : [
                                    {
                                      "_type" : {
                                        "_name" : "ActivityLogUnitTestSection",
                                        "_supertype" : {
                                          "_name" : "ActivityLogSection"
                                        }
                                      },
                                      "domainType" : {
                                        "_type" : {
                                          "_name" : "String"
                                        },
                                        "_value" : "com.apple.dt.IDE.UnitTestLogSection"
                                      },
                                      "duration" : {
                                        "_type" : {
                                          "_name" : "Double"
                                        },
                                        "_value" : "2.587114930152893"
                                      },
                                      "emittedOutput" : {
                                        "_type" : {
                                          "_name" : "String"
                                        },
                                        "_value" : "Test Case '-[testUITests.testUITests testExample]' started.\n    t =     0.00s Start Test at 2020-04-18 16:57:56.737\n    t =     0.11s Set Up\n    t =     0.12s Open shoebox.test.test\n    t =     0.19s     Launch shoebox.test.test\n    t =     1.03s         Setting up automation session\n    t =     1.13s         Wait for shoebox.test.test to idle\n    t =     2.39s Tear Down\nTest Case '-[testUITests.testUITests testExample]' passed (2.587 seconds).\n"
                                      },
                                      "result" : {
                                        "_type" : {
                                          "_name" : "String"
                                        },
                                        "_value" : "succeeded"
                                      },
                                      "startTime" : {
                                        "_type" : {
                                          "_name" : "Date"
                                        },
                                        "_value" : "2020-04-18T16:57:56.738+0100"
                                      },
                                      "suiteName" : {
                                        "_type" : {
                                          "_name" : "String"
                                        },
                                        "_value" : "testUITests"
                                      },
                                      "summary" : {
                                        "_type" : {
                                          "_name" : "String"
                                        },
                                        "_value" : "    t =     0.00s Start Test at 2020-04-18 16:57:56.737\n    t =     0.11s Set Up\n    t =     0.12s Open shoebox.test.test\n    t =     0.19s     Launch shoebox.test.test\n    t =     1.03s         Setting up automation session\n    t =     1.13s         Wait for shoebox.test.test to idle\n    t =     2.39s Tear Down\nTest Case '-[testUITests.testUITests testExample]' passed (2.587 seconds).\n"
                                      },
                                      "testName" : {
                                        "_type" : {
                                          "_name" : "String"
                                        },
                                        "_value" : "testExample()"
                                      },
                                      "title" : {
                                        "_type" : {
                                          "_name" : "String"
                                        },
                                        "_value" : "Run test case testExample()"
                                      }
                                    },
                                    {
                                      "_type" : {
                                        "_name" : "ActivityLogUnitTestSection",
                                        "_supertype" : {
                                          "_name" : "ActivityLogSection"
                                        }
                                      },
                                      "domainType" : {
                                        "_type" : {
                                          "_name" : "String"
                                        },
                                        "_value" : "com.apple.dt.IDE.UnitTestLogSection"
                                      },
                                      "duration" : {
                                        "_type" : {
                                          "_name" : "Double"
                                        },
                                        "_value" : "20.831249952316284"
                                      },
                                      "emittedOutput" : {
                                        "_type" : {
                                          "_name" : "String"
                                        },
                                        "_value" : "Test Case '-[testUITests.testUITests testLaunchPerformance]' started.\n    t =     0.00s Start Test at 2020-04-18 16:57:59.324\n    t =     0.05s Set Up\n    t =     0.05s Open shoebox.test.test\n    t =     0.10s     Launch shoebox.test.test\n    t =     0.10s         Terminate shoebox.test.test:72578\n    t =     1.84s         Setting up automation session\n    t =     1.94s         Wait for shoebox.test.test to idle\n    t =     3.77s Open shoebox.test.test\n    t =     3.81s     Launch shoebox.test.test\n    t =     3.81s         Terminate shoebox.test.test:72579\n    t =     5.72s         Setting up automation session\n    t =     5.76s         Wait for shoebox.test.test to idle\n    t =     7.06s Open shoebox.test.test\n    t =     7.11s     Launch shoebox.test.test\n    t =     7.11s         Terminate shoebox.test.test:72583\n    t =     9.16s         Setting up automation session\n    t =     9.19s         Wait for shoebox.test.test to idle\n    t =    10.51s Open shoebox.test.test\n    t =    10.56s     Launch shoebox.test.test\n    t =    10.56s         Terminate shoebox.test.test:72584\n    t =    12.47s         Setting up automation session\n    t =    12.55s         Wait for shoebox.test.test to idle\n    t =    13.96s Open shoebox.test.test\n    t =    14.00s     Launch shoebox.test.test\n    t =    14.00s         Terminate shoebox.test.test:72586\n    t =    15.72s         Setting up automation session\n    t =    15.83s         Wait for shoebox.test.test to idle\n    t =    17.17s Open shoebox.test.test\n    t =    17.21s     Launch shoebox.test.test\n    t =    17.21s         Terminate shoebox.test.test:72588\n    t =    19.00s         Setting up automation session\n    t =    19.10s         Wait for shoebox.test.test to idle\n2020-04-18 16:58:19.926087+0100 testUITests-Runner[72576:500414] [Default] Extractor called processingCompletionBlock but self is nil!\n2020-04-18 16:58:19.926561+0100 testUITests-Runner[72576:500414] [Default] Extractor called processingCompletionBlock but self is nil!\n2020-04-18 16:58:19.926926+0100 testUITests-Runner[72576:500414] [Default] Extractor called processingCompletionBlock but self is nil!\n2020-04-18 16:58:19.927240+0100 testUITests-Runner[72576:500414] [Default] Extractor called processingCompletionBlock but self is nil!\n2020-04-18 16:58:19.927502+0100 testUITests-Runner[72576:500414] [Default] Extractor called processingCompletionBlock but self is nil!\n2020-04-18 16:58:19.927768+0100 testUITests-Runner[72576:500414] [Default] Extractor called processingCompletionBlock but self is nil!\n\/Users\/johann.martinache\/Desktop\/tmp\/toto\/test\/testUITests\/testUITests.swift:38: Test Case '-[testUITests.testUITests testLaunchPerformance]' measured [OS Signpost Duration (AppLaunch), s] average: 0.508, relative standard deviation: 11.218%, values: [0.463711, 0.593337, 0.503906, 0.433649, 0.546218], performanceMetricID:com.apple.dt.XCTMetric_OSSignpost-AppLaunch.duration, baselineName: \"\", baselineAverage: , maxPercentRegression: 10.000%, maxPercentRelativeStandardDeviation: 10.000%, maxRegression: 0.000, maxStandardDeviation: 0.000\n    t =    20.63s Tear Down\nTest Case '-[testUITests.testUITests testLaunchPerformance]' passed (20.831 seconds).\n"
                                      },
                                      "messages" : {
                                        "_type" : {
                                          "_name" : "Array"
                                        },
                                        "_values" : [
                                          {
                                            "_type" : {
                                              "_name" : "ActivityLogMessage"
                                            },
                                            "shortTitle" : {
                                              "_type" : {
                                                "_name" : "String"
                                              },
                                              "_value" : "OS Signpost Duration (AppLaunch) average: 0.508 s, relative standard deviation: 11.2%"
                                            },
                                            "title" : {
                                              "_type" : {
                                                "_name" : "String"
                                              },
                                              "_value" : "OS Signpost Duration (AppLaunch) average: 0.508 s, relative standard deviation: 11.2%"
                                            },
                                            "type" : {
                                              "_type" : {
                                                "_name" : "String"
                                              },
                                              "_value" : "notice"
                                            }
                                          }
                                        ]
                                      },
                                      "result" : {
                                        "_type" : {
                                          "_name" : "String"
                                        },
                                        "_value" : "succeeded"
                                      },
                                      "startTime" : {
                                        "_type" : {
                                          "_name" : "Date"
                                        },
                                        "_value" : "2020-04-18T16:57:59.327+0100"
                                      },
                                      "suiteName" : {
                                        "_type" : {
                                          "_name" : "String"
                                        },
                                        "_value" : "testUITests"
                                      },
                                      "summary" : {
                                        "_type" : {
                                          "_name" : "String"
                                        },
                                        "_value" : "    t =    20.63s Tear Down\nTest Case '-[testUITests.testUITests testLaunchPerformance]' passed (20.831 seconds).\n"
                                      },
                                      "testName" : {
                                        "_type" : {
                                          "_name" : "String"
                                        },
                                        "_value" : "testLaunchPerformance()"
                                      },
                                      "title" : {
                                        "_type" : {
                                          "_name" : "String"
                                        },
                                        "_value" : "Run test case testLaunchPerformance()"
                                      }
                                    }
                                  ]
                                },
                                "suiteName" : {
                                  "_type" : {
                                    "_name" : "String"
                                  },
                                  "_value" : "testUITests"
                                },
                                "summary" : {
                                  "_type" : {
                                    "_name" : "String"
                                  },
                                  "_value" : "Test Suite 'testUITests' passed at 2020-04-18 16:58:20.155.\n\t Executed 2 tests, with 0 failures (0 unexpected) in 23.418 (23.420) seconds\n"
                                },
                                "testsPassedString" : {
                                  "_type" : {
                                    "_name" : "String"
                                  },
                                  "_value" : "2 out of 2 tests passed"
                                },
                                "title" : {
                                  "_type" : {
                                    "_name" : "String"
                                  },
                                  "_value" : "Run test suite testUITests"
                                }
                              }
                            ]
                          },
                          "suiteName" : {
                            "_type" : {
                              "_name" : "String"
                            },
                            "_value" : "testUITests.xctest"
                          },
                          "summary" : {
                            "_type" : {
                              "_name" : "String"
                            },
                            "_value" : "Test Suite 'testUITests.xctest' passed at 2020-04-18 16:58:20.156.\n\t Executed 2 tests, with 0 failures (0 unexpected) in 23.418 (23.421) seconds\n"
                          },
                          "testsPassedString" : {
                            "_type" : {
                              "_name" : "String"
                            },
                            "_value" : "2 out of 2 tests passed"
                          },
                          "title" : {
                            "_type" : {
                              "_name" : "String"
                            },
                            "_value" : "Run test suite testUITests.xctest"
                          }
                        }
                      ]
                    },
                    "suiteName" : {
                      "_type" : {
                        "_name" : "String"
                      },
                      "_value" : "All tests"
                    },
                    "summary" : {
                      "_type" : {
                        "_name" : "String"
                      },
                      "_value" : "Test Suite 'All tests' passed at 2020-04-18 16:58:20.157.\n\t Executed 2 tests, with 0 failures (0 unexpected) in 23.418 (23.423) seconds\n"
                    },
                    "testsPassedString" : {
                      "_type" : {
                        "_name" : "String"
                      },
                      "_value" : "2 out of 2 tests passed"
                    },
                    "title" : {
                      "_type" : {
                        "_name" : "String"
                      },
                      "_value" : "Run test suite All tests"
                    }
                  }
                ]
              },
              "testsPassedString" : {
                "_type" : {
                  "_name" : "String"
                },
                "_value" : "2 out of 2 tests passed"
              },
              "title" : {
                "_type" : {
                  "_name" : "String"
                },
                "_value" : "testUITests-Runner.app (72576)"
              }
            }
          ]
        },
        "subtitle" : {
          "_type" : {
            "_name" : "String"
          },
          "_value" : "Destination iPad (7th generation)"
        },
        "title" : {
          "_type" : {
            "_name" : "String"
          },
          "_value" : "Test target testUITests"
        }
      }
    ]
  },
  "title" : {
    "_type" : {
      "_name" : "String"
    },
    "_value" : "Test test"
  }
}
